Using pre-set license
Built from '2022.3/staging' branch; Version is '2022.3.32f1 (c8300dc0a3fa) revision 13119501'; Using compiler version '192829333'; Build Type 'Release'
OS: 'Windows 10  (10.0.19045) 64bit Core' Language: 'ru' Physical Memory: 16293 MB
BatchMode: 1, IsHumanControllingUs: 0, StartBugReporterOnCrash: 0, Is64bit: 1, IsPro: 1

COMMAND LINE ARGUMENTS:
C:\Program Files\Unity\Hub\Editor\2022.3.32f1\Editor\Unity.exe
-adb2
-batchMode
-noUpm
-name
AssetImportWorker4
-projectPath
C:/Users/vanya/OneDrive/Р”РѕРєСѓРјРµРЅС‚С‹/GitHub/ciganskiyVibe/ZonbeApocalepsis
-logFile
Logs/AssetImportWorker4.log
-srvPort
50420
Successfully changed project path to: C:/Users/vanya/OneDrive/Р”РѕРєСѓРјРµРЅС‚С‹/GitHub/ciganskiyVibe/ZonbeApocalepsis
C:/Users/vanya/OneDrive/Р”РѕРєСѓРјРµРЅС‚С‹/GitHub/ciganskiyVibe/ZonbeApocalepsis
[UnityMemory] Configuration Parameters - Can be set up in boot.config
    "memorysetup-bucket-allocator-granularity=16"
    "memorysetup-bucket-allocator-bucket-count=8"
    "memorysetup-bucket-allocator-block-size=33554432"
    "memorysetup-bucket-allocator-block-count=8"
    "memorysetup-main-allocator-block-size=16777216"
    "memorysetup-thread-allocator-block-size=16777216"
    "memorysetup-gfx-main-allocator-block-size=16777216"
    "memorysetup-gfx-thread-allocator-block-size=16777216"
    "memorysetup-cache-allocator-block-size=4194304"
    "memorysetup-typetree-allocator-block-size=2097152"
    "memorysetup-profiler-bucket-allocator-granularity=16"
    "memorysetup-profiler-bucket-allocator-bucket-count=8"
    "memorysetup-profiler-bucket-allocator-block-size=33554432"
    "memorysetup-profiler-bucket-allocator-block-count=8"
    "memorysetup-profiler-allocator-block-size=16777216"
    "memorysetup-profiler-editor-allocator-block-size=1048576"
    "memorysetup-temp-allocator-size-main=16777216"
    "memorysetup-job-temp-allocator-block-size=2097152"
    "memorysetup-job-temp-allocator-block-size-background=1048576"
    "memorysetup-job-temp-allocator-reduction-small-platforms=262144"
    "memorysetup-allocator-temp-initial-block-size-main=262144"
    "memorysetup-allocator-temp-initial-block-size-worker=262144"
    "memorysetup-temp-allocator-size-background-worker=32768"
    "memorysetup-temp-allocator-size-job-worker=262144"
    "memorysetup-temp-allocator-size-preload-manager=33554432"
    "memorysetup-temp-allocator-size-nav-mesh-worker=65536"
    "memorysetup-temp-allocator-size-audio-worker=65536"
    "memorysetup-temp-allocator-size-cloud-worker=32768"
    "memorysetup-temp-allocator-size-gi-baking-worker=262144"
    "memorysetup-temp-allocator-size-gfx=262144"
Player connection [14912] Host "[IP] 192.168.1.110 [Port] 0 [Flags] 2 [Guid] 3075256474 [EditorId] 3075256474 [Version] 1048832 [Id] WindowsEditor(7,DESKTOP-H34ARR7) [Debug] 1 [PackageName] WindowsEditor [ProjectName] Editor" joined multi-casting on [225.0.0.222:54997]...

Player connection [14912] Host "[IP] 192.168.1.110 [Port] 0 [Flags] 2 [Guid] 3075256474 [EditorId] 3075256474 [Version] 1048832 [Id] WindowsEditor(7,DESKTOP-H34ARR7) [Debug] 1 [PackageName] WindowsEditor [ProjectName] Editor" joined alternative multi-casting on [225.0.0.222:34997]...

[PhysX] Initialized MultithreadedTaskDispatcher with 12 workers.
Refreshing native plugins compatible for Editor in 11.06 ms, found 3 plugins.
Preloading 0 native plugins for Editor in 0.00 ms.
Initialize engine version: 2022.3.32f1 (c8300dc0a3fa)
[Subsystems] Discovering subsystems at path C:/Program Files/Unity/Hub/Editor/2022.3.32f1/Editor/Data/Resources/UnitySubsystems
[Subsystems] Discovering subsystems at path C:/Users/vanya/OneDrive/Р”РѕРєСѓРјРµРЅС‚С‹/GitHub/ciganskiyVibe/ZonbeApocalepsis/Assets
GfxDevice: creating device client; threaded=0; jobified=0
Direct3D:
    Version:  Direct3D 11.0 [level 11.1]
    Renderer: NVIDIA GeForce GTX 1070 Ti (ID=0x1b82)
    Vendor:   NVIDIA
    VRAM:     8073 MB
    Driver:   31.0.15.4633
Initialize mono
Mono path[0] = 'C:/Program Files/Unity/Hub/Editor/2022.3.32f1/Editor/Data/Managed'
Mono path[1] = 'C:/Program Files/Unity/Hub/Editor/2022.3.32f1/Editor/Data/MonoBleedingEdge/lib/mono/unityjit-win32'
Mono config path = 'C:/Program Files/Unity/Hub/Editor/2022.3.32f1/Editor/Data/MonoBleedingEdge/etc'
Using monoOptions --debugger-agent=transport=dt_socket,embedding=1,server=y,suspend=n,address=127.0.0.1:56608
Begin MonoManager ReloadAssembly
Registering precompiled unity dll's ...
Register platform support module: C:/Program Files/Unity/Hub/Editor/2022.3.32f1/Editor/Data/PlaybackEngines/AndroidPlayer/UnityEditor.Android.Extensions.dll
Register platform support module: C:/Program Files/Unity/Hub/Editor/2022.3.32f1/Editor/Data/PlaybackEngines/WindowsStandaloneSupport/UnityEditor.WindowsStandalone.Extensions.dll
Registered in 0.009839 seconds.
- Loaded All Assemblies, in  0.308 seconds
Native extension for WindowsStandalone target not found
Native extension for Android target not found
Android Extension - Scanning For ADB Devices 195 ms
Mono: successfully reloaded assembly
- Finished resetting the current domain, in  0.491 seconds
Domain Reload Profiling: 798ms
	BeginReloadAssembly (90ms)
		ExecutionOrderSort (0ms)
		DisableScriptedObjects (0ms)
		BackupInstance (0ms)
		ReleaseScriptingObjects (0ms)
		CreateAndSetChildDomain (1ms)
	RebuildCommonClasses (31ms)
	RebuildNativeTypeToScriptingClass (10ms)
	initialDomainReloadingComplete (53ms)
	LoadAllAssembliesAndSetupDomain (123ms)
		LoadAssemblies (89ms)
		RebuildTransferFunctionScriptingTraits (0ms)
		AnalyzeDomain (121ms)
			TypeCache.Refresh (119ms)
				TypeCache.ScanAssembly (109ms)
			ScanForSourceGeneratedMonoScriptInfo (0ms)
			ResolveRequiredComponents (0ms)
	FinalizeReload (492ms)
		ReleaseScriptCaches (0ms)
		RebuildScriptCaches (0ms)
		SetupLoadedEditorAssemblies (443ms)
			LogAssemblyErrors (0ms)
			InitializePlatformSupportModulesInManaged (288ms)
			SetLoadedEditorAssemblies (3ms)
			RefreshPlugins (0ms)
			BeforeProcessingInitializeOnLoad (2ms)
			ProcessInitializeOnLoadAttributes (113ms)
			ProcessInitializeOnLoadMethodAttributes (36ms)
			AfterProcessingInitializeOnLoad (0ms)
			EditorAssembliesLoaded (0ms)
		ExecutionOrderSort2 (0ms)
		AwakeInstancesAfterBackupRestoration (0ms)
========================================================================
Worker process is ready to serve import requests
Begin MonoManager ReloadAssembly
- Loaded All Assemblies, in  0.621 seconds
Refreshing native plugins compatible for Editor in 3.75 ms, found 3 plugins.
Native extension for WindowsStandalone target not found
Native extension for Android target not found
Package Manager log level set to [2]
[Package Manager] Server::EnsureServerProcessIsRunning -- launch failed, reason: Unity was launched with the -noUpm command-line argument
[Package Manager] UpmClient::Send -- Unable to send message (not connected to UPM process).
[Package Manager] Cannot connect to Unity Package Manager local server
Mono: successfully reloaded assembly
- Finished resetting the current domain, in  0.569 seconds
Domain Reload Profiling: 1186ms
	BeginReloadAssembly (142ms)
		ExecutionOrderSort (0ms)
		DisableScriptedObjects (6ms)
		BackupInstance (0ms)
		ReleaseScriptingObjects (0ms)
		CreateAndSetChildDomain (25ms)
	RebuildCommonClasses (30ms)
	RebuildNativeTypeToScriptingClass (10ms)
	initialDomainReloadingComplete (37ms)
	LoadAllAssembliesAndSetupDomain (398ms)
		LoadAssemblies (287ms)
		RebuildTransferFunctionScriptingTraits (0ms)
		AnalyzeDomain (184ms)
			TypeCache.Refresh (150ms)
				TypeCache.ScanAssembly (135ms)
			ScanForSourceGeneratedMonoScriptInfo (23ms)
			ResolveRequiredComponents (10ms)
	FinalizeReload (569ms)
		ReleaseScriptCaches (0ms)
		RebuildScriptCaches (0ms)
		SetupLoadedEditorAssemblies (432ms)
			LogAssemblyErrors (0ms)
			InitializePlatformSupportModulesInManaged (21ms)
			SetLoadedEditorAssemblies (3ms)
			RefreshPlugins (0ms)
			BeforeProcessingInitializeOnLoad (73ms)
			ProcessInitializeOnLoadAttributes (273ms)
			ProcessInitializeOnLoadMethodAttributes (56ms)
			AfterProcessingInitializeOnLoad (7ms)
			EditorAssembliesLoaded (0ms)
		ExecutionOrderSort2 (0ms)
		AwakeInstancesAfterBackupRestoration (5ms)
Launched and connected shader compiler UnityShaderCompiler.exe after 0.03 seconds
Refreshing native plugins compatible for Editor in 5.42 ms, found 3 plugins.
Preloading 0 native plugins for Editor in 0.00 ms.
Unloading 5625 Unused Serialized files (Serialized files now loaded: 0)
Unloading 72 unused Assets / (386.4 KB). Loaded Objects now: 6087.
Memory consumption went from 230.1 MB to 229.8 MB.
Total: 3.645300 ms (FindLiveObjects: 0.518600 ms CreateObjectMapping: 0.177700 ms MarkObjects: 2.728000 ms  DeleteObjects: 0.220200 ms)

AssetImportParameters requested are different than current active one (requested -> active):
  custom:container-demuxer-ogg: 62fdf1f143b41e24485cea50d1cbac27 -> 
  custom:video-decoder-ogg-theora: a1e56fd34408186e4bbccfd4996cb3dc -> 
  custom:framework-win-MediaFoundation: 216162199b28c13a410421893ffa2e32 -> 
  custom:CustomObjectIndexerAttribute: 72b91833f83ae208fae7752999fa3104 -> 
  custom:container-demuxer-webm: 4f35f7cbe854078d1ac9338744f61a02 -> 
  custom:container-muxer-webm: aa71ff27fc2769a1b78a27578f13a17b -> 
  custom:video-decoder-webm-vp8: 9c59270c3fd7afecdb556c50c9e8de78 -> 
  custom:SearchIndexIgnoredProperties: e643bd26f0fe6173181afceb89e7c659 -> 
  custom:AudioImporter_EditorPlatform: d09bf68614088b80899f8185d706f6e7 -> 
  custom:video-encoder-webm-vp8: eb34c28f22e8b96e1ab97ce403110664 -> 
  custom:audio-decoder-ogg-vorbis: bf7c407c2cedff20999df2af8eb42d56 -> 
  custom:audio-encoder-webm-vorbis: bf7c407c2cedff20999df2af8eb42d56 -> 
========================================================================
Received Import Request.
  Time since last request: 1748654.351289 seconds.
  path: Assets/_myAssets/Basic Shooter Pack/toss grenade 1.fbx
  artifactKey: Guid(3dd5813442d63454795b08a1669e14d6) Importer(815301076,1909f56bfc062723c751e8b465ee728b)
Start importing Assets/_myAssets/Basic Shooter Pack/toss grenade 1.fbx using Guid(3dd5813442d63454795b08a1669e14d6) Importer(815301076,1909f56bfc062723c751e8b465ee728b) [PhysX] Initialized MultithreadedTaskDispatcher with 12 workers.
 -> (artifact id: 'df14c363529edeb8167b44cd6381288c') in 0.032650 seconds
Number of updated asset objects reloaded before import = 0
Number of asset objects unloaded after import = 141
========================================================================
Received Import Request.
  Time since last request: 0.000015 seconds.
  path: Assets/_myAssets/Basic Shooter Pack/walking backwards 1.fbx
  artifactKey: Guid(ab7a3f157d17f094b93ebd846b9d5b54) Importer(815301076,1909f56bfc062723c751e8b465ee728b)
Start importing Assets/_myAssets/Basic Shooter Pack/walking backwards 1.fbx using Guid(ab7a3f157d17f094b93ebd846b9d5b54) Importer(815301076,1909f56bfc062723c751e8b465ee728b) [PhysX] Initialized MultithreadedTaskDispatcher with 12 workers.
 -> (artifact id: '8d5669f02fca28c8181c87665d74a7a6') in 0.004150 seconds
Number of updated asset objects reloaded before import = 0
Number of asset objects unloaded after import = 141
========================================================================
Received Import Request.
  Time since last request: 0.000022 seconds.
  path: Assets/_myAssets/Basic Shooter Pack/turning right 45 degrees 1.fbx
  artifactKey: Guid(81d89c0a9e3a4dd49a3786235b1fd6a6) Importer(815301076,1909f56bfc062723c751e8b465ee728b)
Start importing Assets/_myAssets/Basic Shooter Pack/turning right 45 degrees 1.fbx using Guid(81d89c0a9e3a4dd49a3786235b1fd6a6) Importer(815301076,1909f56bfc062723c751e8b465ee728b) [PhysX] Initialized MultithreadedTaskDispatcher with 12 workers.
 -> (artifact id: 'a73b76b1242318ff98386a1b962d4f1e') in 0.003622 seconds
Number of updated asset objects reloaded before import = 0
Number of asset objects unloaded after import = 141
========================================================================
Received Import Request.
  Time since last request: 0.000018 seconds.
  path: Assets/_myAssets/Basic Shooter Pack/turn left 1.fbx
  artifactKey: Guid(631eb1f75cdda3b4d9c888e9e9ea7008) Importer(815301076,1909f56bfc062723c751e8b465ee728b)
Start importing Assets/_myAssets/Basic Shooter Pack/turn left 1.fbx using Guid(631eb1f75cdda3b4d9c888e9e9ea7008) Importer(815301076,1909f56bfc062723c751e8b465ee728b) [PhysX] Initialized MultithreadedTaskDispatcher with 12 workers.
 -> (artifact id: '3d6431e5b6e198a2fcbb79b82c156063') in 0.004177 seconds
Number of updated asset objects reloaded before import = 0
Number of asset objects unloaded after import = 141
========================================================================
Received Import Request.
  Time since last request: 0.000012 seconds.
  path: Assets/_myAssets/Basic Shooter Pack/rifle jump 1.fbx
  artifactKey: Guid(8f88a44271063ce40b7d92a5e495da67) Importer(815301076,1909f56bfc062723c751e8b465ee728b)
Start importing Assets/_myAssets/Basic Shooter Pack/rifle jump 1.fbx using Guid(8f88a44271063ce40b7d92a5e495da67) Importer(815301076,1909f56bfc062723c751e8b465ee728b) [PhysX] Initialized MultithreadedTaskDispatcher with 12 workers.
 -> (artifact id: 'af97132e15758508566135854488a50c') in 0.003662 seconds
Number of updated asset objects reloaded before import = 0
Number of asset objects unloaded after import = 141
========================================================================
Received Import Request.
  Time since last request: 12.288033 seconds.
  path: Assets/_myAssets/Basic Shooter Pack/mixamo.com.anim
  artifactKey: Guid(a08bcb2394436b145894a083e72cdfae) Importer(815301076,1909f56bfc062723c751e8b465ee728b)
Start importing Assets/_myAssets/Basic Shooter Pack/mixamo.com.anim using Guid(a08bcb2394436b145894a083e72cdfae) Importer(815301076,1909f56bfc062723c751e8b465ee728b) [PhysX] Initialized MultithreadedTaskDispatcher with 12 workers.
 -> (artifact id: 'ad96753c3e840e7502136455d03007f0') in 0.004793 seconds
Number of updated asset objects reloaded before import = 0
Number of asset objects unloaded after import = 1
========================================================================
Received Import Request.
  Time since last request: 7.949945 seconds.
  path: Assets/_myAssets/Basic Shooter Pack/mixamo.com 1.anim
  artifactKey: Guid(ea75e64a960202e4ca2d0d20dc8ca605) Importer(815301076,1909f56bfc062723c751e8b465ee728b)
Start importing Assets/_myAssets/Basic Shooter Pack/mixamo.com 1.anim using Guid(ea75e64a960202e4ca2d0d20dc8ca605) Importer(815301076,1909f56bfc062723c751e8b465ee728b) [PhysX] Initialized MultithreadedTaskDispatcher with 12 workers.
 -> (artifact id: '0934afd97020789a110f09e82a15fdc9') in 0.003105 seconds
Number of updated asset objects reloaded before import = 0
Number of asset objects unloaded after import = 1
========================================================================
Received Import Request.
  Time since last request: 2.345479 seconds.
  path: Assets/_myAssets/Basic Shooter Pack/mixamo.com 2.anim
  artifactKey: Guid(1eb8969713269724b847a40621623326) Importer(815301076,1909f56bfc062723c751e8b465ee728b)
Start importing Assets/_myAssets/Basic Shooter Pack/mixamo.com 2.anim using Guid(1eb8969713269724b847a40621623326) Importer(815301076,1909f56bfc062723c751e8b465ee728b) [PhysX] Initialized MultithreadedTaskDispatcher with 12 workers.
 -> (artifact id: '5740fe3b7f6e06e720239b953e165527') in 0.002935 seconds
Number of updated asset objects reloaded before import = 0
Number of asset objects unloaded after import = 1
========================================================================
Received Import Request.
  Time since last request: 7.671100 seconds.
  path: Assets/_myAssets/Basic Shooter Pack/mixamo.com 3.anim
  artifactKey: Guid(0fefc66dc05681f4db4d671c4fba1f51) Importer(815301076,1909f56bfc062723c751e8b465ee728b)
Start importing Assets/_myAssets/Basic Shooter Pack/mixamo.com 3.anim using Guid(0fefc66dc05681f4db4d671c4fba1f51) Importer(815301076,1909f56bfc062723c751e8b465ee728b) [PhysX] Initialized MultithreadedTaskDispatcher with 12 workers.
 -> (artifact id: 'deff8283a1602197bfa70a72b5a4461f') in 0.002931 seconds
Number of updated asset objects reloaded before import = 0
Number of asset objects unloaded after import = 1
========================================================================
Received Import Request.
  Time since last request: 5.163119 seconds.
  path: Assets/_myAssets/Basic Shooter Pack/mixamo.com 4.anim
  artifactKey: Guid(6901aaa59a846cf4ba7cfe67aacf14e5) Importer(815301076,1909f56bfc062723c751e8b465ee728b)
Start importing Assets/_myAssets/Basic Shooter Pack/mixamo.com 4.anim using Guid(6901aaa59a846cf4ba7cfe67aacf14e5) Importer(815301076,1909f56bfc062723c751e8b465ee728b) [PhysX] Initialized MultithreadedTaskDispatcher with 12 workers.
 -> (artifact id: '021e0d65cde7ca50deae559d00b78c21') in 0.009672 seconds
Number of updated asset objects reloaded before import = 0
Number of asset objects unloaded after import = 1
========================================================================
Received Import Request.
  Time since last request: 5.300991 seconds.
  path: Assets/_myAssets/Basic Shooter Pack/mixamo.com 5.anim
  artifactKey: Guid(9a6ae93d62b3fc84a883dab3e5473c79) Importer(815301076,1909f56bfc062723c751e8b465ee728b)
Start importing Assets/_myAssets/Basic Shooter Pack/mixamo.com 5.anim using Guid(9a6ae93d62b3fc84a883dab3e5473c79) Importer(815301076,1909f56bfc062723c751e8b465ee728b) [PhysX] Initialized MultithreadedTaskDispatcher with 12 workers.
 -> (artifact id: 'b6851fc050978af5d0ed3dc90fc5b24c') in 0.010475 seconds
Number of updated asset objects reloaded before import = 0
Number of asset objects unloaded after import = 1
========================================================================
Received Import Request.
  Time since last request: 2.967709 seconds.
  path: Assets/_myAssets/Basic Shooter Pack/mixamo.com 6.anim
  artifactKey: Guid(3e25a0032ece22f4aa811fdc85da03dc) Importer(815301076,1909f56bfc062723c751e8b465ee728b)
Start importing Assets/_myAssets/Basic Shooter Pack/mixamo.com 6.anim using Guid(3e25a0032ece22f4aa811fdc85da03dc) Importer(815301076,1909f56bfc062723c751e8b465ee728b) [PhysX] Initialized MultithreadedTaskDispatcher with 12 workers.
 -> (artifact id: '3f54ef5072f16795963ffcbff38be7e8') in 0.002332 seconds
Number of updated asset objects reloaded before import = 0
Number of asset objects unloaded after import = 1
========================================================================
Received Import Request.
  Time since last request: 2.638972 seconds.
  path: Assets/_myAssets/Basic Shooter Pack/mixamo.com 7.anim
  artifactKey: Guid(b9e5b9a22c9f6d949826cecd12a11144) Importer(815301076,1909f56bfc062723c751e8b465ee728b)
Start importing Assets/_myAssets/Basic Shooter Pack/mixamo.com 7.anim using Guid(b9e5b9a22c9f6d949826cecd12a11144) Importer(815301076,1909f56bfc062723c751e8b465ee728b) [PhysX] Initialized MultithreadedTaskDispatcher with 12 workers.
 -> (artifact id: '8413902dd5ed3c03c4b73c03e11233cc') in 0.002328 seconds
Number of updated asset objects reloaded before import = 0
Number of asset objects unloaded after import = 1
========================================================================
Received Import Request.
  Time since last request: 2.968658 seconds.
  path: Assets/_myAssets/Basic Shooter Pack/mixamo.com 8.anim
  artifactKey: Guid(20aeba092413a51488075c44c38904a6) Importer(815301076,1909f56bfc062723c751e8b465ee728b)
Start importing Assets/_myAssets/Basic Shooter Pack/mixamo.com 8.anim using Guid(20aeba092413a51488075c44c38904a6) Importer(815301076,1909f56bfc062723c751e8b465ee728b) [PhysX] Initialized MultithreadedTaskDispatcher with 12 workers.
 -> (artifact id: 'fad858c1d86196d1252b3bfb6c2c7230') in 0.003004 seconds
Number of updated asset objects reloaded before import = 0
Number of asset objects unloaded after import = 1
========================================================================
Received Import Request.
  Time since last request: 4.605198 seconds.
  path: Assets/_myAssets/Basic Shooter Pack/mixamo.com 9.anim
  artifactKey: Guid(deeadcec75ee75243869863448ea915f) Importer(815301076,1909f56bfc062723c751e8b465ee728b)
Start importing Assets/_myAssets/Basic Shooter Pack/mixamo.com 9.anim using Guid(deeadcec75ee75243869863448ea915f) Importer(815301076,1909f56bfc062723c751e8b465ee728b) [PhysX] Initialized MultithreadedTaskDispatcher with 12 workers.
 -> (artifact id: '0ee776885b04fd3143cce61fcd2dd1ba') in 0.003102 seconds
Number of updated asset objects reloaded before import = 0
Number of asset objects unloaded after import = 1
========================================================================
Received Import Request.
  Time since last request: 5.464253 seconds.
  path: Assets/_myAssets/Basic Shooter Pack/mixamo.com 10.anim
  artifactKey: Guid(c16a2ff3edb19ed4b8ad5edb6f291ded) Importer(815301076,1909f56bfc062723c751e8b465ee728b)
Start importing Assets/_myAssets/Basic Shooter Pack/mixamo.com 10.anim using Guid(c16a2ff3edb19ed4b8ad5edb6f291ded) Importer(815301076,1909f56bfc062723c751e8b465ee728b) [PhysX] Initialized MultithreadedTaskDispatcher with 12 workers.
 -> (artifact id: 'c047ddf3d06f8e5350056468ffc7dab0') in 0.003639 seconds
Number of updated asset objects reloaded before import = 0
Number of asset objects unloaded after import = 1
========================================================================
Received Import Request.
  Time since last request: 3.056012 seconds.
  path: Assets/_myAssets/Basic Shooter Pack/mixamo.com 11.anim
  artifactKey: Guid(6a087b18d2178a744bb7f0160ad862f2) Importer(815301076,1909f56bfc062723c751e8b465ee728b)
Start importing Assets/_myAssets/Basic Shooter Pack/mixamo.com 11.anim using Guid(6a087b18d2178a744bb7f0160ad862f2) Importer(815301076,1909f56bfc062723c751e8b465ee728b) [PhysX] Initialized MultithreadedTaskDispatcher with 12 workers.
 -> (artifact id: '4b84550014600104e59c5a05b12cea9d') in 0.003657 seconds
Number of updated asset objects reloaded before import = 0
Number of asset objects unloaded after import = 1
========================================================================
Received Import Request.
  Time since last request: 18.349683 seconds.
  path: Assets/_myAssets/Basic Shooter Pack/mixamo.com 12.anim
  artifactKey: Guid(ad22b2ab1dc94aa4cb11d612ba56b59e) Importer(815301076,1909f56bfc062723c751e8b465ee728b)
Start importing Assets/_myAssets/Basic Shooter Pack/mixamo.com 12.anim using Guid(ad22b2ab1dc94aa4cb11d612ba56b59e) Importer(815301076,1909f56bfc062723c751e8b465ee728b) [PhysX] Initialized MultithreadedTaskDispatcher with 12 workers.
 -> (artifact id: '976686fafc098b47f171762dd9696ad1') in 0.005923 seconds
Number of updated asset objects reloaded before import = 0
Number of asset objects unloaded after import = 1
========================================================================
Received Import Request.
  Time since last request: 12.030895 seconds.
  path: Assets/_myAssets/Basic Shooter Pack/mixamo.com 13.anim
  artifactKey: Guid(4afe4e56e60c4be46aaf5a395ace7f39) Importer(815301076,1909f56bfc062723c751e8b465ee728b)
Start importing Assets/_myAssets/Basic Shooter Pack/mixamo.com 13.anim using Guid(4afe4e56e60c4be46aaf5a395ace7f39) Importer(815301076,1909f56bfc062723c751e8b465ee728b) [PhysX] Initialized MultithreadedTaskDispatcher with 12 workers.
 -> (artifact id: '09269f816eb5a219bf75ba38e6efda96') in 0.003640 seconds
Number of updated asset objects reloaded before import = 0
Number of asset objects unloaded after import = 1
========================================================================
Received Import Request.
  Time since last request: 43.681826 seconds.
  path: Assets/_myAssets/Basic Shooter Pack/mixamo.com.anim
  artifactKey: Guid(a08bcb2394436b145894a083e72cdfae) Importer(815301076,1909f56bfc062723c751e8b465ee728b)
Start importing Assets/_myAssets/Basic Shooter Pack/mixamo.com.anim using Guid(a08bcb2394436b145894a083e72cdfae) Importer(815301076,1909f56bfc062723c751e8b465ee728b) [PhysX] Initialized MultithreadedTaskDispatcher with 12 workers.
 -> (artifact id: '6e7b65bdf0ee8abc8e73427a9c082b15') in 0.002353 seconds
Number of updated asset objects reloaded before import = 0
Number of asset objects unloaded after import = 1
========================================================================
Received Import Request.
  Time since last request: 12.356099 seconds.
  path: Assets/_myAssets/Basic Shooter Pack/firing rifle.anim
  artifactKey: Guid(a08bcb2394436b145894a083e72cdfae) Importer(815301076,1909f56bfc062723c751e8b465ee728b)
Start importing Assets/_myAssets/Basic Shooter Pack/firing rifle.anim using Guid(a08bcb2394436b145894a083e72cdfae) Importer(815301076,1909f56bfc062723c751e8b465ee728b) [PhysX] Initialized MultithreadedTaskDispatcher with 12 workers.
 -> (artifact id: 'f2b6eaa19376426dcbca72dffdd941d7') in 0.002382 seconds
Number of updated asset objects reloaded before import = 0
Number of asset objects unloaded after import = 1
========================================================================
Received Import Request.
  Time since last request: 17.498574 seconds.
  path: Assets/_myAssets/Basic Shooter Pack/The Boss.fbx
  artifactKey: Guid(416f4397238cb57409badec36c9eafb4) Importer(815301076,1909f56bfc062723c751e8b465ee728b)
Start importing Assets/_myAssets/Basic Shooter Pack/The Boss.fbx using Guid(416f4397238cb57409badec36c9eafb4) Importer(815301076,1909f56bfc062723c751e8b465ee728b) [PhysX] Initialized MultithreadedTaskDispatcher with 12 workers.
[PhysX] Initialized MultithreadedTaskDispatcher with 12 workers.
[PhysX] Initialized MultithreadedTaskDispatcher with 12 workers.
[PhysX] Initialized MultithreadedTaskDispatcher with 12 workers.
[PhysX] Initialized MultithreadedTaskDispatcher with 12 workers.
[PhysX] Initialized MultithreadedTaskDispatcher with 12 workers.
[PhysX] Initialized MultithreadedTaskDispatcher with 12 workers.
[PhysX] Initialized MultithreadedTaskDispatcher with 12 workers.
[PhysX] Initialized MultithreadedTaskDispatcher with 12 workers.
[PhysX] Initialized MultithreadedTaskDispatcher with 12 workers.
[PhysX] Initialized MultithreadedTaskDispatcher with 12 workers.
[PhysX] Initialized MultithreadedTaskDispatcher with 12 workers.
[PhysX] Initialized MultithreadedTaskDispatcher with 12 workers.
[PhysX] Initialized MultithreadedTaskDispatcher with 12 workers.
[PhysX] Initialized MultithreadedTaskDispatcher with 12 workers.
[PhysX] Initialized MultithreadedTaskDispatcher with 12 workers.
[PhysX] Initialized MultithreadedTaskDispatcher with 12 workers.
[PhysX] Initialized MultithreadedTaskDispatcher with 12 workers.
 -> (artifact id: '24ee5d7f8664a2bdc3d5734d07d9dd8e') in 0.933916 seconds
Number of updated asset objects reloaded before import = 0
Number of asset objects unloaded after import = 195
========================================================================
Received Import Request.
  Time since last request: 7.876095 seconds.
  path: Assets/_myAssets/Basic Shooter Pack/Boss_normal.png
  artifactKey: Guid(ed87b7dd0ec2c04418ace66ec00c124a) Importer(815301076,1909f56bfc062723c751e8b465ee728b)
Start importing Assets/_myAssets/Basic Shooter Pack/Boss_normal.png using Guid(ed87b7dd0ec2c04418ace66ec00c124a) Importer(815301076,1909f56bfc062723c751e8b465ee728b) [PhysX] Initialized MultithreadedTaskDispatcher with 12 workers.
[PhysX] Initialized MultithreadedTaskDispatcher with 12 workers.
 -> (artifact id: 'aec2c5de99c9e633ffe90ceb6ad684de') in 0.026422 seconds
Number of updated asset objects reloaded before import = 0
Number of asset objects unloaded after import = 2
========================================================================
Received Import Request.
  Time since last request: 6.500660 seconds.
  path: Assets/_myAssets/Basic Shooter Pack/The Boss.fbx
  artifactKey: Guid(416f4397238cb57409badec36c9eafb4) Importer(815301076,1909f56bfc062723c751e8b465ee728b)
Start importing Assets/_myAssets/Basic Shooter Pack/The Boss.fbx using Guid(416f4397238cb57409badec36c9eafb4) Importer(815301076,1909f56bfc062723c751e8b465ee728b) [PhysX] Initialized MultithreadedTaskDispatcher with 12 workers.
[PhysX] Initialized MultithreadedTaskDispatcher with 12 workers.
[PhysX] Initialized MultithreadedTaskDispatcher with 12 workers.
[PhysX] Initialized MultithreadedTaskDispatcher with 12 workers.
[PhysX] Initialized MultithreadedTaskDispatcher with 12 workers.
[PhysX] Initialized MultithreadedTaskDispatcher with 12 workers.
[PhysX] Initialized MultithreadedTaskDispatcher with 12 workers.
[PhysX] Initialized MultithreadedTaskDispatcher with 12 workers.
[PhysX] Initialized MultithreadedTaskDispatcher with 12 workers.
[PhysX] Initialized MultithreadedTaskDispatcher with 12 workers.
[PhysX] Initialized MultithreadedTaskDispatcher with 12 workers.
[PhysX] Initialized MultithreadedTaskDispatcher with 12 workers.
[PhysX] Initialized MultithreadedTaskDispatcher with 12 workers.
[PhysX] Initialized MultithreadedTaskDispatcher with 12 workers.
 -> (artifact id: '7c3a405e3781d714c267764cdd52cccd') in 0.047210 seconds
Number of updated asset objects reloaded before import = 0
Number of asset objects unloaded after import = 194
========================================================================
Received Import Request.
  Time since last request: 0.100712 seconds.
  path: Assets/_myAssets/Basic Shooter Pack/Cigar_Mat.mat
  artifactKey: Guid(c43fa17cc7050f7498f63f8bc26fe480) Importer(815301076,1909f56bfc062723c751e8b465ee728b)
Start importing Assets/_myAssets/Basic Shooter Pack/Cigar_Mat.mat using Guid(c43fa17cc7050f7498f63f8bc26fe480) Importer(815301076,1909f56bfc062723c751e8b465ee728b) [PhysX] Initialized MultithreadedTaskDispatcher with 12 workers.
[PhysX] Initialized MultithreadedTaskDispatcher with 12 workers.
 -> (artifact id: '699c2dca3878fccdd113cdf1c6480f0d') in 0.021951 seconds
Number of updated asset objects reloaded before import = 0
Number of asset objects unloaded after import = 4
========================================================================
Received Import Request.
  Time since last request: 0.000021 seconds.
  path: Assets/_myAssets/Basic Shooter Pack/Eyes_MAT.mat
  artifactKey: Guid(ebb0040a32c19a64582bcb3b62bce935) Importer(815301076,1909f56bfc062723c751e8b465ee728b)
Start importing Assets/_myAssets/Basic Shooter Pack/Eyes_MAT.mat using Guid(ebb0040a32c19a64582bcb3b62bce935) Importer(815301076,1909f56bfc062723c751e8b465ee728b) [PhysX] Initialized MultithreadedTaskDispatcher with 12 workers.
[PhysX] Initialized MultithreadedTaskDispatcher with 12 workers.
 -> (artifact id: 'f609883e230ad6f220d9fb5211ef6b46') in 0.015388 seconds
Number of updated asset objects reloaded before import = 0
Number of asset objects unloaded after import = 4
Editor requested this worker to shutdown with reason: Scaling down because of idle timeout
TcpMessagingSession - receive error: operation aborted. errorcode: 995, details: Операция ввода/вывода была прервана из-за завершения потока команд или по запросу приложения.
AssetImportWorker is now disconnected from the server
Process exiting
Exiting without the bug reporter. Application will terminate with return code 0